2024/02/05 01:54:05  Cache: Size: 4 | Hits: 0/4 | Estimated Memory: 296 B
2024/02/05 01:54:05  Entity Cache: Size: 0 | Hits: 0/0 | Estimated Memory: 72 B
2024/02/05 01:54:05  System RAM Utilization: 8.1%
2024/02/05 03:00:51  Cache: Size: 175 | Hits: 0/175 | Estimated Memory: 15 MiB
2024/02/05 03:00:51  Entity Cache: Size: 4930 | Hits: 0/4931 | Estimated Memory: 1 MiB
2024/02/05 03:00:51  System RAM Utilization: 8.5%
2024/02/05 03:20:40  Cache: Size: 175 | Hits: 0/175 | Estimated Memory: 15 MiB
2024/02/05 03:20:40  Entity Cache: Size: 4930 | Hits: 0/4931 | Estimated Memory: 1 MiB
2024/02/05 03:20:40  System RAM Utilization: 9.2%
2024/02/05 03:26:37  Cache: Size: 175 | Hits: 0/175 | Estimated Memory: 15 MiB
2024/02/05 03:26:37  Entity Cache: Size: 4930 | Hits: 0/4931 | Estimated Memory: 1 MiB
2024/02/05 03:26:37  System RAM Utilization: 9.3%
2024/02/05 04:01:31  Cache: Size: 175 | Hits: 0/175 | Estimated Memory: 15 MiB
2024/02/05 04:01:31  Entity Cache: Size: 4930 | Hits: 0/4931 | Estimated Memory: 1 MiB
2024/02/05 04:01:31  System RAM Utilization: 9.3%
2024/02/05 04:23:34  Cache: Size: 175 | Hits: 0/175 | Estimated Memory: 15 MiB
2024/02/05 04:23:34  Entity Cache: Size: 4930 | Hits: 0/4931 | Estimated Memory: 1 MiB
2024/02/05 04:23:34  System RAM Utilization: 10.3%
2024/02/05 05:13:40  Cache: Size: 175 | Hits: 0/175 | Estimated Memory: 15 MiB
2024/02/05 05:13:40  Entity Cache: Size: 4930 | Hits: 0/4931 | Estimated Memory: 1 MiB
2024/02/05 05:13:40  System RAM Utilization: 11.2%
2024/02/05 05:28:26  Cache: Size: 175 | Hits: 0/175 | Estimated Memory: 15 MiB
2024/02/05 05:28:26  Entity Cache: Size: 4930 | Hits: 0/4931 | Estimated Memory: 1 MiB
2024/02/05 05:28:26  System RAM Utilization: 11.6%
2024/02/05 05:35:42  Cache: Size: 175 | Hits: 0/175 | Estimated Memory: 15 MiB
2024/02/05 05:35:42  Entity Cache: Size: 4930 | Hits: 0/4931 | Estimated Memory: 1 MiB
2024/02/05 05:35:42  System RAM Utilization: 11.8%
2024/02/05 05:38:48  Cache: Size: 175 | Hits: 0/175 | Estimated Memory: 15 MiB
2024/02/05 05:38:48  Entity Cache: Size: 4930 | Hits: 0/4931 | Estimated Memory: 1 MiB
2024/02/05 05:38:48  System RAM Utilization: 11.9%
2024/02/05 05:45:18  Cache: Size: 175 | Hits: 0/175 | Estimated Memory: 15 MiB
2024/02/05 05:45:18  Entity Cache: Size: 4930 | Hits: 0/4931 | Estimated Memory: 1 MiB
2024/02/05 05:45:18  System RAM Utilization: 11.8%
2024/02/05 06:00:05  Cache: Size: 420 | Hits: 98/518 | Estimated Memory: 16 MiB
2024/02/05 06:00:05  Entity Cache: Size: 5552 | Hits: 2767/8320 | Estimated Memory: 1 MiB
2024/02/05 06:00:05  System RAM Utilization: 12.0%
