2024/02/05 01:55:39  Executed jinja_page (('start',), {}) in 0.410s (Average: 0.410s)
2024/02/05 01:56:05  Executed jinja_page (('start',), {}) in 0.018s (Average: 0.214s)
2024/02/05 01:56:07  Executed jinja_page (('start',), {}) in 0.017s (Average: 0.148s)
2024/02/05 01:56:12  Executed jinja_page (('about',), {}) in 0.003s (Average: 0.112s)
2024/02/05 01:56:15  Executed jinja_page (('start',), {}) in 0.017s (Average: 0.093s)
2024/02/05 03:01:13  Executed jinja_page (('start',), {}) in 1.902s (Average: 1.902s)
2024/02/05 03:12:59  Executed jinja_page (('start',), {}) in 0.057s (Average: 0.979s)
2024/02/05 03:21:38  Executed jinja_page (('start',), {}) in 1.983s (Average: 1.983s)
2024/02/05 03:27:36  Executed jinja_page (('start',), {}) in 1.980s (Average: 1.980s)
2024/02/05 03:28:02  Executed jinja_page (('start',), {}) in 0.054s (Average: 1.017s)
2024/02/05 03:28:33  Executed jinja_page (('start',), {}) in 0.064s (Average: 0.700s)
2024/02/05 03:28:40  Executed jinja_page (('admin_overview',), {}) in 0.014s (Average: 0.528s)
2024/02/05 03:29:19  Executed jinja_page (('admin_overview',), {}) in 0.001s (Average: 0.423s)
2024/02/05 03:29:25  Executed jinja_page (('admin_setup',), {}) in 0.082s (Average: 0.366s)
2024/02/05 03:29:36  Executed jinja_page (('admin_apikeys',), {}) in 0.007s (Average: 0.315s)
2024/02/05 03:29:50  Executed jinja_page (('admin_manual',), {}) in 0.005s (Average: 0.276s)
2024/02/05 03:29:52  Executed jinja_page (('admin_apikeys',), {}) in 0.001s (Average: 0.245s)
2024/02/05 03:29:53  Executed jinja_page (('admin_settings',), {}) in 0.092s (Average: 0.230s)
2024/02/05 03:30:00  Executed jinja_page (('admin_apikeys',), {}) in 0.001s (Average: 0.209s)
2024/02/05 03:30:33  Executed jinja_page (('start',), {}) in 0.310s (Average: 0.218s)
2024/02/05 03:31:39  Executed jinja_page (('admin_settings',), {}) in 0.025s (Average: 0.203s)
2024/02/05 04:02:03  Executed jinja_page (('admin_settings',), {}) in 0.098s (Average: 0.098s)
2024/02/05 04:02:45  Executed jinja_page (('admin_apikeys',), {}) in 0.023s (Average: 0.061s)
2024/02/05 04:02:50  Executed jinja_page (('admin_apikeys',), {}) in 0.020s (Average: 0.047s)
2024/02/05 04:02:53  Executed jinja_page (('admin_apikeys',), {}) in 0.019s (Average: 0.040s)
2024/02/05 04:03:04  Executed jinja_page (('start',), {}) in 2.956s (Average: 0.623s)
2024/02/05 04:03:10  Executed jinja_page (('admin_setup',), {}) in 0.268s (Average: 0.564s)
2024/02/05 04:03:24  Executed jinja_page (('admin_apikeys',), {}) in 0.023s (Average: 0.487s)
2024/02/05 04:03:27  Executed jinja_page (('admin_setup',), {}) in 0.097s (Average: 0.438s)
2024/02/05 04:03:32  Executed jinja_page (('admin_settings',), {}) in 0.027s (Average: 0.392s)
2024/02/05 04:06:18  Executed jinja_page (('start',), {}) in 0.369s (Average: 0.390s)
2024/02/05 04:06:25  Executed jinja_page (('start',), {}) in 0.291s (Average: 0.381s)
2024/02/05 04:23:45  Executed jinja_page (('admin_setup',), {}) in 0.108s (Average: 0.108s)
2024/02/05 04:23:48  Executed jinja_page (('start',), {}) in 2.168s (Average: 1.138s)
2024/02/05 04:24:32  Executed jinja_page (('start',), {}) in 0.076s (Average: 0.784s)
2024/02/05 04:26:39  Executed jinja_page (('admin_overview',), {}) in 0.006s (Average: 0.589s)
2024/02/05 04:26:48  Executed jinja_page (('admin_setup',), {}) in 0.069s (Average: 0.485s)
2024/02/05 04:26:59  Executed jinja_page (('admin_albumless',), {}) in 0.866s (Average: 0.549s)
2024/02/05 04:27:08  Executed jinja_page (('about',), {}) in 0.003s (Average: 0.471s)
2024/02/05 04:27:12  Executed jinja_page (('start',), {}) in 0.040s (Average: 0.417s)
2024/02/05 04:28:11  Executed jinja_page (('scrobbles',), {}) in 0.574s (Average: 0.434s)
2024/02/05 04:30:41  Executed jinja_page (('artist',), {}) in 2.281s (Average: 0.619s)
2024/02/05 04:30:49  Executed jinja_page (('admin_overview',), {}) in 0.001s (Average: 0.563s)
2024/02/05 04:31:01  Executed jinja_page (('admin_overview',), {}) in 0.001s (Average: 0.516s)
2024/02/05 04:31:46  Executed jinja_page (('start',), {}) in 0.074s (Average: 0.482s)
2024/02/05 04:33:26  Executed jinja_page (('admin_setup',), {}) in 0.071s (Average: 0.453s)
2024/02/05 04:33:28  Executed jinja_page (('start',), {}) in 0.123s (Average: 0.431s)
2024/02/05 04:33:31  Executed jinja_page (('admin_overview',), {}) in 0.001s (Average: 0.404s)
2024/02/05 04:33:34  Executed jinja_page (('admin_overview',), {}) in 0.001s (Average: 0.380s)
2024/02/05 04:33:37  Executed jinja_page (('start',), {}) in 0.058s (Average: 0.362s)
2024/02/05 04:33:39  Executed jinja_page (('start',), {}) in 0.068s (Average: 0.347s)
2024/02/05 04:33:41  Executed jinja_page (('admin_overview',), {}) in 0.001s (Average: 0.329s)
2024/02/05 04:33:48  Executed jinja_page (('admin_settings',), {}) in 0.034s (Average: 0.315s)
2024/02/05 04:34:37  Executed jinja_page (('start',), {}) in 0.058s (Average: 0.304s)
2024/02/05 04:38:44  Executed jinja_page (('start',), {}) in 0.065s (Average: 0.293s)
2024/02/05 04:38:56  Executed jinja_page (('admin_overview',), {}) in 0.001s (Average: 0.281s)
2024/02/05 04:38:59  Executed jinja_page (('admin_apikeys',), {}) in 0.008s (Average: 0.270s)
2024/02/05 04:39:50  Executed jinja_page (('admin_manual',), {}) in 0.005s (Average: 0.260s)
2024/02/05 04:39:55  Executed jinja_page (('start',), {}) in 0.058s (Average: 0.252s)
2024/02/05 04:40:20  Executed jinja_page (('admin_overview',), {}) in 0.001s (Average: 0.243s)
2024/02/05 04:42:23  Executed jinja_page (('start',), {}) in 0.063s (Average: 0.237s)
2024/02/05 04:42:27  Executed jinja_page (('scrobbles',), {}) in 0.065s (Average: 0.231s)
2024/02/05 04:49:15  Executed jinja_page (('start',), {}) in 0.062s (Average: 0.226s)
2024/02/05 05:13:48  Executed jinja_page (('start',), {}) in 1.928s (Average: 1.928s)
2024/02/05 05:13:56  Executed jinja_page (('admin_manual',), {}) in 0.010s (Average: 0.969s)
2024/02/05 05:18:24  Executed jinja_page (('start',), {}) in 0.077s (Average: 0.672s)
2024/02/05 05:26:45  Executed jinja_page (('admin_overview',), {}) in 0.005s (Average: 0.505s)
2024/02/05 05:26:49  Executed jinja_page (('admin_setup',), {}) in 0.077s (Average: 0.420s)
2024/02/05 05:26:51  Executed jinja_page (('admin_apikeys',), {}) in 0.009s (Average: 0.351s)
2024/02/05 05:26:55  Executed jinja_page (('admin_setup',), {}) in 0.072s (Average: 0.311s)
2024/02/05 05:27:00  Executed jinja_page (('admin_settings',), {}) in 0.036s (Average: 0.277s)
2024/02/05 05:27:17  Executed jinja_page (('admin_overview',), {}) in 0.001s (Average: 0.246s)
2024/02/05 05:28:44  Executed jinja_page (('start',), {}) in 2.025s (Average: 2.025s)
2024/02/05 05:35:50  Executed jinja_page (('start',), {}) in 1.956s (Average: 1.956s)
2024/02/05 05:36:04  Executed jinja_page (('admin_overview',), {}) in 0.013s (Average: 0.984s)
2024/02/05 05:36:09  Executed jinja_page (('admin_setup',), {}) in 0.077s (Average: 0.682s)
2024/02/05 05:36:11  Executed jinja_page (('admin_settings',), {}) in 0.041s (Average: 0.522s)
2024/02/05 05:38:52  Executed jinja_page (('start',), {}) in 1.984s (Average: 1.984s)
2024/02/05 05:46:41  Executed jinja_page (('start',), {}) in 1.970s (Average: 1.970s)
2024/02/05 05:55:40  Executed jinja_page (('admin_settings',), {}) in 0.051s (Average: 1.010s)
2024/02/05 05:55:43  Executed jinja_page (('admin_apikeys',), {}) in 0.010s (Average: 0.677s)
2024/02/05 05:56:45  Executed jinja_page (('admin_settings',), {}) in 0.009s (Average: 0.510s)
2024/02/05 06:02:28  Executed jinja_page (('start',), {}) in 0.055s (Average: 0.419s)
2024/02/05 06:02:39  Executed jinja_page (('scrobbles',), {}) in 0.630s (Average: 0.454s)
2024/02/05 06:16:26  Executed jinja_page (('start',), {}) in 0.098s (Average: 0.403s)
2024/02/05 06:19:30  Executed jinja_page (('admin_overview',), {}) in 0.005s (Average: 0.353s)
2024/02/05 06:19:36  Executed jinja_page (('admin_setup',), {}) in 0.228s (Average: 0.340s)
2024/02/05 06:21:06  Executed jinja_page (('admin_settings',), {}) in 0.008s (Average: 0.306s)
2024/02/05 06:24:04  Executed jinja_page (('admin_manual',), {}) in 0.004s (Average: 0.279s)
2024/02/05 06:26:52  Executed jinja_page (('start',), {}) in 0.057s (Average: 0.260s)
2024/02/05 06:27:00  Executed jinja_page (('artist',), {}) in 2.317s (Average: 0.419s)
2024/02/05 06:27:05  Executed jinja_page (('start',), {}) in 0.067s (Average: 0.393s)
2024/02/05 06:54:54  Executed jinja_page (('start',), {}) in 0.042s (Average: 0.370s)
2024/02/05 06:54:59  Executed jinja_page (('about',), {}) in 0.004s (Average: 0.347s)
