2024/02/05 03:01:13  Got artist image for RADWIMPS from Deezer
2024/02/05 03:01:13  Got artist image for 麻婆豆腐 from Deezer
2024/02/05 03:01:13  Got artist image for Yoko Takahashi from Deezer
2024/02/05 03:01:13  Got artist image for Mega NRG Man from Deezer
2024/02/05 03:01:15  Got artist image for SIAM SHADE from Deezer
2024/02/05 03:01:15  Got artist image for ZARD from Deezer
2024/02/05 03:01:15  Got artist image for L'Arc-en-Ciel from Deezer
2024/02/05 03:01:16  Got artist image for Yumi Matsutoya from Deezer
2024/02/05 03:01:16  Got artist image for Lensko from Deezer
2024/02/05 03:01:17  Got artist image for Camellia from Deezer
2024/02/05 03:01:17  Got artist image for Tuyu from Deezer
2024/02/05 03:01:18  Got artist image for Mori Calliope from Deezer
2024/02/05 03:01:18  Got artist image for XI from Deezer
2024/02/05 03:01:19  Got artist image for Billy Joel from Deezer
2024/02/05 03:01:19  Got artist image for The Killers from Deezer
2024/02/05 03:01:19  Got artist image for The Chainsmokers from Deezer
2024/02/05 03:01:20  Got artist image for yuji from Deezer
2024/02/05 03:01:20  Got artist image for Tobu from Deezer
2024/02/05 03:01:22  Got artist image for LUCA LUSH from Deezer
2024/02/05 03:01:22  Got artist image for WORLD ORDER from Deezer
2024/02/05 03:01:22  Got artist image for Major Lazer from Deezer
2024/02/05 03:01:23  Got artist image for Yorushika from Deezer
2024/02/05 03:01:23  Could not get artist image for VALORANT Champions Tour Pacific from Deezer
2024/02/05 03:01:25  Got artist image for The Verkkars from Deezer
2024/02/05 03:01:26  Could not get artist image for VALORANT Don Diablo Minnie of (G)I-DLE from Deezer
2024/02/05 03:01:26  Got artist image for Mike Diva from Deezer
2024/02/05 03:01:26  Got artist image for ORANGE RANGE from Deezer
2024/02/05 03:01:27  Got artist image for DJ Myosuke from Deezer
2024/02/05 03:01:28  Got artist image for Aran from Deezer
2024/02/05 03:01:28  Got artist image for Tia from Deezer
2024/02/05 03:01:29  Got artist image for Avicii from Deezer
2024/02/05 03:01:30  Got artist image for Zekk from Deezer
2024/02/05 03:01:30  Got artist image for Hatsune Miku from Deezer
2024/02/05 03:01:32  Got artist image for Sayuri from Deezer
2024/02/05 03:01:32  Got artist image for Eden from Deezer
2024/02/05 03:01:33  Got artist image for Juggernaut. from Deezer
2024/02/05 03:01:34  Got album image for (['RADWIMPS'], 'Suzume') from Deezer
2024/02/05 03:01:34  Could not get album image for (['麻婆豆腐'], 'シロガネ') from Deezer
2024/02/05 03:01:34  Could not get album image for (['麻婆豆腐'], 'グッバイ宣言') from Deezer
2024/02/05 03:01:35  Could not get album image for (['Mega NRG Man'], 'SUPER EUROBEAT presents INITIAL D 〜D SELECTION〜') from Deezer
2024/02/05 03:01:35  Could not get album image for (['Yoko Takahashi'], '残酷な天使のテーゼ/FLY ME TO THE MOON') from Deezer
2024/02/05 03:01:39  Got album image for (['麻婆豆腐'], 'シロガネ') from MusicBrainz
2024/02/05 03:01:41  Could not get album image for (['SIAM SHADE'], 'SIAM SHADE IV・Zero') from Deezer
2024/02/05 03:01:44  Got album image for (['麻婆豆腐'], 'グッバイ宣言') from MusicBrainz
2024/02/05 03:01:46  Could not get album image for (['ZARD'], 'TODAY IS ANOTHER DAY') from Deezer
2024/02/05 03:01:49  Got album image for (['Mega NRG Man'], 'SUPER EUROBEAT presents INITIAL D 〜D SELECTION〜') from MusicBrainz
2024/02/05 03:01:51  Got album image for (["L'Arc-en-Ciel"], 'True') from Deezer
2024/02/05 03:01:54  Got album image for (['Yoko Takahashi'], '残酷な天使のテーゼ/FLY ME TO THE MOON') from MusicBrainz
2024/02/05 03:01:56  Got album image for (['Yumi Matsutoya'], 'THE DANCING SUN') from Deezer
2024/02/05 03:01:56  Got album image for (['Lensko'], 'Titsepoken 2015') from Deezer
2024/02/05 03:01:59  Got album image for (['Camellia'], 'Parallel Universe Shifter') from Deezer
2024/02/05 03:01:59  Could not get album image for (['Mori Calliope'], 'DEAD BEATS') from Deezer
2024/02/05 03:02:00  Got album image for (['SIAM SHADE'], 'SIAM SHADE IV・Zero') from MusicBrainz
2024/02/05 03:02:00  Got album image for (['Lensko'], 'Infinite') from Deezer
2024/02/05 03:02:01  Could not get album image for (['Lensko'], 'Luminous') from Deezer
2024/02/05 03:02:04  Got album image for (['yuji'], 'tired') from Deezer
2024/02/05 03:02:05  Got album image for (['ZARD'], 'TODAY IS ANOTHER DAY') from MusicBrainz
2024/02/05 03:02:05  Got album image for (['Tobu'], 'Dawn') from Deezer
2024/02/05 03:02:07  Got album image for (['The Chainsmokers'], 'Sick Boy') from Deezer
2024/02/05 03:02:09  Got album image for (['Lensko'], 'Auriga') from Deezer
2024/02/05 03:02:10  Could not get album image for (['Lensko'], 'Andromeda') from Deezer
2024/02/05 03:02:10  Got album image for (['Mori Calliope'], 'DEAD BEATS') from MusicBrainz
2024/02/05 03:02:11  Got album image for (['The Killers'], "Sam's Town") from Deezer
2024/02/05 03:02:12  Got album image for (['Lensko'], 'Sarvagon 2015') from Deezer
2024/02/05 03:02:14  Got album image for (['keshi'], 'beside you') from Deezer
2024/02/05 03:02:15  Got album image for (['Lensko'], 'Luminous') from MusicBrainz
2024/02/05 03:02:20  Got album image for (['Lensko'], 'Andromeda') from MusicBrainz
2024/02/05 03:02:22  Got album image for (['Mike Diva'], 'Our Glorious Leader (Japanese Trump Commercial Theme)') from Deezer
2024/02/05 03:02:23  Could not get track image for (['VALORANT Champions Tour Pacific'], 'Making Waves A Cappella Cover') from MusicBrainz
2024/02/05 03:02:28  Got track image for (['VALORANT Don Diablo Minnie of (G)I-DLE'], 'Making Waves') from MusicBrainz
2024/02/05 03:02:34  Got track image for (['The Verkkars'], 'EZ4ENCE (kannatuslaulu)') from MusicBrainz
2024/02/05 03:02:38  Could not get track image for (['ORANGE RANGE'], '*asterisk') from MusicBrainz
2024/02/05 03:02:43  Got track image for (['DJ Myosuke'], 'Black Territory') from MusicBrainz
2024/02/05 03:02:45  Got album image for (['Sayuri'], '酸欠少女') from Deezer
2024/02/05 03:02:48  Got track image for (['Aran'], 'Gate One') from MusicBrainz
2024/02/05 03:02:50  Got album image for (['DA', 'K'], 'ALL OUT') from Deezer
2024/02/05 03:02:54  Got track image for (['Tia'], 'Deal with the devil') from MusicBrainz
2024/02/05 03:02:59  Got track image for (['Avicii'], 'SOS') from MusicBrainz
2024/02/05 03:03:00  Got album image for (['Tuyu'], 'Under Mentality') from Deezer
2024/02/05 03:03:03  Got album image for (['Billy Joel'], 'Storm Front') from Deezer
2024/02/05 03:03:04  Got track image for (['Zekk'], 'Calling') from MusicBrainz
2024/02/05 03:03:05  Could not get album image for (['ヨルシカ'], '夏草が邪魔をする') from Deezer
2024/02/05 03:03:06  Got album image for (['美波'], 'カワキヲアメク') from Deezer
2024/02/05 03:03:09  Could not get album image for (['Tia'], 'The Glory Days') from Deezer
2024/02/05 03:03:09  Got track image for (['Hatsune Miku'], 'Ievan Polkka') from MusicBrainz
2024/02/05 03:03:10  Could not get album image for (['ヨルシカ'], '幻燈') from Deezer
2024/02/05 03:03:14  Got track image for (['Skrillex'], 'HUMBLE. - SKRILLEX REMIX') from MusicBrainz
2024/02/05 03:03:16  Could not get album image for (['Yorushika'], '幻燈') from Deezer
2024/02/05 03:03:19  Got album image for (['ヨルシカ'], '夏草が邪魔をする') from MusicBrainz
2024/02/05 03:03:21  Got album image for (['WORLD ORDER'], 'Have A Nice Day') from Deezer
2024/02/05 03:03:24  Got album image for (['Yorushika'], 'だから僕は音楽を辞めた') from Deezer
2024/02/05 03:03:24  Got album image for (['Tia'], 'The Glory Days') from MusicBrainz
2024/02/05 03:03:25  Could not get album image for (['Yorushika'], '夏草が邪魔をする') from Deezer
2024/02/05 03:03:26  Got album image for (['KIDS SEE GHOSTS'], 'KIDS SEE GHOSTS') from Deezer
2024/02/05 03:03:29  Got album image for (['WORLD ORDER'], "Let's start WW3") from Deezer
2024/02/05 03:03:29  Got album image for (['ヨルシカ'], '幻燈') from MusicBrainz
2024/02/05 03:03:30  Got album image for (['Major Lazer'], 'Apocalypse Soon') from Deezer
2024/02/05 03:03:31  Got album image for (['Major Lazer', 'Chronixx'], 'Peace Is the Mission') from Deezer
2024/02/05 03:03:34  Got album image for (['LUCA LUSH'], 'Sasha') from Deezer
2024/02/05 03:03:35  Got album image for (['Yorushika'], '幻燈') from MusicBrainz
2024/02/05 03:03:39  Got album image for (['Yorushika'], '夏草が邪魔をする') from MusicBrainz
2024/02/05 04:26:59  Got track image for (['G2 Genesis'], 'Zoouston') from LastFM
2024/02/05 04:26:59  Got track image for (['P*Light'], 'SWAG!!') from LastFM
2024/02/05 04:26:59  Got track image for (['amazarashi'], 'Sora ni Utaeba') from LastFM
2024/02/05 04:26:59  Could not get track image for (['Block J'], 'Already Happy') from LastFM
2024/02/05 04:26:59  Got track image for (['nora2r'], 'ULTRA B+K') from LastFM
2024/02/05 04:27:02  Could not get track image for (['Block J'], 'Already Happy') from MusicBrainz
2024/02/05 04:27:02  Could not get track image for (['The Verkkars', 'n0thing'], 'Flashbang dance') from LastFM
2024/02/05 04:27:05  Got track image for (['The Verkkars'], 'Winlandia') from LastFM
2024/02/05 04:27:07  Got track image for (['The Verkkars', 'n0thing'], 'Flashbang dance') from MusicBrainz
2024/02/05 04:27:08  Could not get track image for (['The Verkkars'], 'Huutista') from LastFM
2024/02/05 04:27:08  Could not get track image for (['P*Light'], 'EVE') from LastFM
2024/02/05 04:27:11  Got track image for (['ASIAN KUNG-FU GENERATION'], 'Loop & Loop') from LastFM
2024/02/05 04:27:13  Got track image for (['The Verkkars'], 'Huutista') from MusicBrainz
2024/02/05 04:27:13  Got track image for (['ASIAN KUNG-FU GENERATION'], 'Rewrite') from LastFM
2024/02/05 04:27:16  Got track image for (['t+pazolite'], 'Tempestissimo') from LastFM
2024/02/05 04:27:18  Could not get track image for (['ASCA'], '雲雀') from LastFM
2024/02/05 04:27:18  Got track image for (['P*Light'], 'EVE') from MusicBrainz
2024/02/05 04:27:19  Got track image for (['Hatsune Miku'], 'Hina') from LastFM
2024/02/05 04:27:23  Got track image for (['Hatsune Miku'], 'Silent Night') from LastFM
2024/02/05 04:27:24  Got track image for (['ASCA'], '雲雀') from MusicBrainz
2024/02/05 04:27:25  Got track image for (['BEAUZ'], 'Keep On Dancing') from LastFM
2024/02/05 04:27:27  Could not get track image for (['Massive New Krew'], 'Dragoon (Sword Of The Valiant Ver.)') from LastFM
2024/02/05 04:27:28  Got track image for (['Massive New Krew'], 'Poseidon (Extended Ver.)') from LastFM
2024/02/05 04:27:31  Got track image for (['Tia'], 'AM4:00') from LastFM
2024/02/05 04:27:33  Got track image for (['Massive New Krew'], 'Dragoon (Sword Of The Valiant Ver.)') from MusicBrainz
2024/02/05 04:27:39  Could not get track image for (['YOASOBI'], 'アイドル') from LastFM
2024/02/05 04:27:43  Got track image for (['nasuo'], 'ハニージェットコースター') from LastFM
2024/02/05 04:27:45  Got track image for (['式守さん(CV大西沙織)'], 'HEART-BEAT (式守さん(CV大西沙織) Ver.)') from LastFM
2024/02/05 04:27:48  Got track image for (['Yoh Kamiyama'], 'YELLOW') from LastFM
2024/02/05 04:27:51  Got track image for (['DVBBS'], 'Tsunami - Radio Edit') from LastFM
2024/02/05 04:27:52  Got track image for (['DVBBS'], 'Tsunami') from LastFM
2024/02/05 04:27:55  Got track image for (['Zekk'], "The King's Return") from LastFM
2024/02/05 04:27:55  Got track image for (['YOASOBI'], 'アイドル') from MusicBrainz
2024/02/05 04:27:59  Got track image for (['K-391'], 'Earth') from LastFM
2024/02/05 04:28:01  Got track image for (['Aqua Timez'], 'Blues on the run') from LastFM
2024/02/05 04:28:04  Got track image for (['Aqua Timez'], '青い空') from LastFM
2024/02/05 04:28:04  Got track image for (['Eden'], 'Wake Up') from LastFM
2024/02/05 04:28:05  Got track image for (['Eden'], 'Gravity') from LastFM
2024/02/05 04:28:07  Got track image for (['Eden'], 'Nocturne') from LastFM
2024/02/05 04:28:09  Got track image for (['USAO'], 'Cthugha') from LastFM
2024/02/05 04:28:12  Got track image for (['succducc'], 'me & u') from LastFM
2024/02/05 04:28:15  Could not get track image for (['OxT'], 'Clattanoia') from LastFM
2024/02/05 04:28:16  Got track image for (['Aimer'], '残響散歌') from LastFM
2024/02/05 04:28:17  Got track image for (['Eden'], '02:09') from LastFM
2024/02/05 04:28:20  Could not get track image for (['Leah Kelly', 'Eden'], 'End Credits') from LastFM
2024/02/05 04:28:21  Got track image for (['Eden'], 'Interlude') from LastFM
2024/02/05 04:28:21  Got track image for (['OxT'], 'Clattanoia') from MusicBrainz
2024/02/05 04:28:22  Got track image for (['Eden'], 'Catch Me If You Can') from LastFM
2024/02/05 04:28:24  Could not get track image for (['Jay Park', 'Jmin'], 'Dedication') from LastFM
2024/02/05 04:28:27  Got track image for (['Leah Kelly', 'Eden'], 'End Credits') from MusicBrainz
2024/02/05 04:28:27  Got track image for (['Jmin'], 'Spaceship') from LastFM
2024/02/05 04:28:28  Got track image for (['Jmin'], 'You and Me') from LastFM
2024/02/05 04:28:30  Could not get track image for (['Jmin'], 'Night Sky') from LastFM
2024/02/05 04:28:32  Got track image for (['C-Show'], 'GIMME DA BLOOD') from LastFM
2024/02/05 04:28:33  Got track image for (['Jay Park', 'Jmin'], 'Dedication') from MusicBrainz
2024/02/05 04:28:34  Got track image for (['David Guetta'], 'Play Hard (Maurizio Gubellini Remix)') from LastFM
2024/02/05 04:28:36  Got track image for (['Juggernaut.'], 'Retaliation') from LastFM
2024/02/05 04:28:38  Got track image for (['Jmin'], 'Night Sky') from MusicBrainz
2024/02/05 04:28:39  Got track image for (['Juggernaut.'], 'Valhalla:0 (Extended) (From Arcaea)') from LastFM
2024/02/05 04:28:41  Got track image for (['Juggernaut.'], 'Revenant') from LastFM
2024/02/05 04:28:43  Got track image for (['Juggernaut.'], 'Abiogenesis') from LastFM
2024/02/05 04:28:45  Got track image for (['Juggernaut.'], 'Apocaliptix / Another') from LastFM
2024/02/05 04:28:48  Could not get track image for (['Juggernaut.'], 'Seraphim') from LastFM
2024/02/05 04:28:50  Got track image for (['Juggernaut.'], 'Distorted Heavens') from LastFM
2024/02/05 04:28:50  Got track image for (['Juggernaut.'], 'Qliphothgear') from LastFM
2024/02/05 04:28:52  Could not get track image for (['Juggernaut.'], 'Retaliation (VIP)') from LastFM
2024/02/05 04:28:53  Got track image for (['Juggernaut.'], 'Devotion') from LastFM
2024/02/05 04:28:53  Got track image for (['Juggernaut.'], 'Seraphim') from MusicBrainz
2024/02/05 04:28:55  Could not get track image for (['Juggernaut.'], 'Rebellion') from LastFM
2024/02/05 04:28:58  Got track image for (['Juggernaut.'], 'Riot') from LastFM
2024/02/05 04:29:00  Got track image for (['Juggernaut.'], 'Retaliation (VIP)') from MusicBrainz
2024/02/05 04:29:02  Got track image for (['Juggernaut.'], 'Antler') from LastFM
2024/02/05 04:29:02  Got track image for (['Martin Garrix'], 'Byte') from LastFM
2024/02/05 04:29:05  Could not get track image for (['Juggernaut.'], 'Rebellion') from MusicBrainz
2024/02/05 04:29:06  Got track image for (['Juggernaut.'], 'Xenovcipher') from LastFM
2024/02/05 04:29:10  Got track image for (['Juggernaut.'], 'Siegfried') from LastFM
2024/02/05 04:29:12  Could not get track image for (['Juggernaut.'], 'In the sky') from LastFM
2024/02/05 04:29:13  Got track image for (['Rugrxt Reese'], 'Girlz A Liar') from LastFM
2024/02/05 04:29:13  Got track image for (['kors k'], 'Splash Dreams') from LastFM
2024/02/05 04:29:16  Could not get track image for (['kors k'], 'The Rolling') from LastFM
2024/02/05 04:29:17  Got track image for (['RoughSketch'], 'Dicks Monster') from LastFM
2024/02/05 04:29:18  Got track image for (['Juggernaut.'], 'In the sky') from MusicBrainz
2024/02/05 04:29:19  Got track image for (['RoughSketch'], 'Cork Out') from LastFM
2024/02/05 04:29:21  Got track image for (['Juggernaut.'], 'nihil') from LastFM
2024/02/05 04:29:29  Got track image for (['Juggernaut.'], 'Strafing') from LastFM
2024/02/05 04:29:29  Got track image for (['kors k'], 'The Rolling') from MusicBrainz
2024/02/05 04:29:31  Could not get track image for (['Juggernaut.'], 'Lost Dream') from LastFM
2024/02/05 04:29:33  Got track image for (['kors k'], 'Cycle') from LastFM
2024/02/05 04:29:35  Could not get track image for (['Juggernaut.'], 'Lost Dream') from MusicBrainz
2024/02/05 04:29:36  Got track image for (['kors k'], 'Goemon') from LastFM
2024/02/05 04:29:36  Got track image for (['kors k'], 'Instead Of The Pills') from LastFM
2024/02/05 04:29:37  Got track image for (['kors k'], 'Alive') from LastFM
2024/02/05 04:29:40  Could not get track image for (['kors k'], 'Smooooch - Orchestra Arr.') from LastFM
2024/02/05 04:29:41  Got track image for (['kors k'], 'Move!!') from LastFM
2024/02/05 04:29:42  Got track image for (['kors k'], 'smooooch・∀・') from LastFM
2024/02/05 04:29:45  Got track image for (['kors k'], 'Shibuya Jungle') from LastFM
2024/02/05 04:29:45  Got track image for (['kors k'], 'Smooooch - Orchestra Arr.') from MusicBrainz
2024/02/05 04:29:47  Could not get track image for (['Jermaine Edwards', 'Trinix Rushawn'], 'Beautiful Day (Thank You for Sunshine)') from LastFM
2024/02/05 04:29:48  Got track image for (['lapix'], 'Get Over The Culture') from LastFM
2024/02/05 04:29:50  Got track image for (['DJ Genki'], 'KAWAII MACARON PANCAKE SMOOTHIE') from LastFM
2024/02/05 04:29:51  Could not get track image for (['Jermaine Edwards', 'Trinix Rushawn'], 'Beautiful Day (Thank You for Sunshine)') from MusicBrainz
2024/02/05 04:29:53  Got track image for (['Laur'], 'Attractor Dimension') from LastFM
2024/02/05 04:29:55  Got track image for (['Laur'], 'Despair') from LastFM
2024/02/05 04:29:55  Got track image for (['Laur'], 'Animosity') from LastFM
2024/02/05 04:29:57  Got track image for (['Laur'], "Viyella's Nightmare") from LastFM
2024/02/05 04:30:00  Got track image for (['Laur'], 'Rebuff') from LastFM
2024/02/05 04:30:02  Got track image for (['Laur'], 'Vindication (Extended)') from LastFM
2024/02/05 04:30:05  Got track image for (['Laur'], 'Animosity (Extended)') from LastFM
2024/02/05 04:30:07  Could not get album image for (['LUCA LUSH'], 'A Boy Brushed Blue Living in Black and White') from LastFM
2024/02/05 04:30:07  Could not get album image for (['LUCA LUSH'], 'Gods Plan') from LastFM
2024/02/05 04:30:07  Could not get album image for (['LUCA LUSH'], 'Club Love') from LastFM
2024/02/05 04:30:09  Got album image for (['LUCA LUSH'], 'A Boy Brushed Blue Living in Black and White') from Deezer
2024/02/05 04:30:09  Got album image for (['LUCA LUSH'], 'Gods Plan') from Deezer
2024/02/05 04:30:09  Got album image for (['LUCA LUSH'], 'Club Love') from Deezer
2024/02/05 04:30:09  Could not get album image for (['LUCA LUSH'], 'Another Life') from LastFM
2024/02/05 04:30:09  Got album image for (['LUCA LUSH'], 'All Girls Are the Same') from LastFM
2024/02/05 04:30:10  Got album image for (['The Chainsmokers'], 'All We Know') from LastFM
2024/02/05 04:30:11  Got album image for (['LUCA LUSH'], 'Another Life') from Deezer
2024/02/05 04:30:12  Could not get album image for (['Aleesia', 'Sander van Doorn'], 'Gold Skies (feat. Aleesia)') from LastFM
2024/02/05 04:30:13  Got album image for (['Romen Jewels'], 'Heaven') from LastFM
2024/02/05 04:30:13  Got album image for (['Aleesia', 'Sander van Doorn'], 'Gold Skies (feat. Aleesia)') from Deezer
2024/02/05 04:30:15  Got album image for (['Zedd'], 'True Colors') from LastFM
2024/02/05 04:30:16  Could not get album image for (['Kranium', 'MOTi Ty Dolla $ign Wizkid', 'Major Lazer'], 'Peace Is The Mission (Extended Edition)') from LastFM
2024/02/05 04:30:16  Could not get album image for (['Major Lazer', 'Nyla'], 'Peace Is the Mission') from LastFM
2024/02/05 04:30:18  Got album image for (['Kranium', 'MOTi Ty Dolla $ign Wizkid', 'Major Lazer'], 'Peace Is The Mission (Extended Edition)') from Deezer
2024/02/05 04:30:18  Got album image for (['Major Lazer', 'Nyla'], 'Peace Is the Mission') from Deezer
2024/02/05 04:30:18  Got album image for (['Major Lazer'], 'Peace Is The Mission (Extended)') from LastFM
2024/02/05 04:30:19  Got album image for (['Fatia'], 'Stranger') from LastFM
2024/02/05 04:30:21  Got album image for (['Joe Flizzow'], 'Satu Malam Di Temasek') from LastFM
2024/02/05 04:30:21  Could not get album image for (['Aina Abdul'], 'Imaji') from LastFM
2024/02/05 04:30:22  Got album image for (['Tuyu'], 'Revolutionary front') from LastFM
2024/02/05 04:30:23  Got album image for (['Aina Abdul'], 'Imaji') from Deezer
2024/02/05 04:30:24  Got album image for (['Tuyu'], "I'll put you in misery") from LastFM
2024/02/05 04:30:26  Got album image for (['Tuyu'], "It's Raining After All") from LastFM
2024/02/05 04:30:29  Could not get album image for (['Tuyu'], "Being low as dirt taking what's important from me") from LastFM
2024/02/05 04:30:30  Got album image for (['Gram'], 'The Requiem') from LastFM
2024/02/05 04:30:30  Got album image for (['Tuyu'], "Being low as dirt taking what's important from me") from Deezer
2024/02/05 04:30:32  Got album image for (['Kobaryo'], 'MIXPEED ACTION') from LastFM
2024/02/05 04:30:33  Got album image for (['Camellia'], 'Final-Boss-Chan') from LastFM
2024/02/05 04:30:34  Got album image for (['Camellia'], 'crystallized') from LastFM
2024/02/05 04:30:35  Got album image for (['Camellia'], 'heart of android') from LastFM
2024/02/05 04:30:36  Got album image for (['Camellia'], 'GHOST (2020 Halloween+++++++++ VIP)') from LastFM
2024/02/05 04:30:37  Got album image for (['Camellia'], 'PLANET / /SHAPER') from LastFM
2024/02/05 04:30:39  Got album image for (['XI'], 'World Fragments') from LastFM
2024/02/05 04:30:42  Got album image for (['XI'], 'Agartha') from LastFM
2024/02/05 04:30:43  Got album image for (['XI'], 'Parousia') from LastFM
